Fetching registry information from https://github.com/microsoft/vcpkg (HEAD)...
Detecting compiler hash for triplet x64-windows...
Compiler found: C:/Program Files/Microsoft Visual Studio/2022/Community/VC/Tools/MSVC/14.43.34808/bin/Hostx64/x64/cl.exe
The following packages will be built and installed:
  * brotli:x64-windows@1.1.0#1 -- C:\Users\ncl_a\AppData\Local\vcpkg\registries\git-trees\4e5b5ae1ad26c80535c893cc0307121f0398549e
  * bzip2[core,tool]:x64-windows@1.0.8#6 -- C:\Users\ncl_a\AppData\Local\vcpkg\registries\git-trees\2d029da682847c5ebdc54e4dbea001331a02207e
  * freetype[brotli,bzip2,core,png,zlib]:x64-windows@2.13.3 -- C:\Users\ncl_a\AppData\Local\vcpkg\registries\git-trees\8a2c633dcc14eaabdb31cf4637242f4e3c2f3fa2
  * libpng:x64-windows@1.6.44 -- C:\Users\ncl_a\AppData\Local\vcpkg\registries\git-trees\bda480fe3c3cef1113fe8bfdecda127a5b3b2a77
    sdl2:x64-windows@2.30.10 -- C:\Users\ncl_a\AppData\Local\vcpkg\registries\git-trees\c34f21447296be501bab81979e8d0698264b48c3
    sdl2-ttf:x64-windows@2.22.0#1 -- C:\Users\ncl_a\AppData\Local\vcpkg\registries\git-trees\f37d3fd61ea556591921d6faca01c9e309e4a091
  * vcpkg-cmake:x64-windows@2024-04-23 -- C:\Users\ncl_a\AppData\Local\vcpkg\registries\git-trees\e74aa1e8f93278a8e71372f1fa08c3df420eb840
  * vcpkg-cmake-config:x64-windows@2024-05-23 -- C:\Users\ncl_a\AppData\Local\vcpkg\registries\git-trees\97a63e4bc1a17422ffe4eff71da53b4b561a7841
  * zlib:x64-windows@1.3.1 -- C:\Users\ncl_a\AppData\Local\vcpkg\registries\git-trees\3f05e04b9aededb96786a911a16193cdb711f0c9
Additional packages (*) will be modified to complete this operation.
Restored 9 package(s) from C:\Users\ncl_a\AppData\Local\vcpkg\archives in 315 ms. Use --debug to see more details.
Installing 1/9 vcpkg-cmake-config:x64-windows@2024-05-23...
Elapsed time to handle vcpkg-cmake-config:x64-windows: 8.9 ms
vcpkg-cmake-config:x64-windows package ABI: 78f40527ee7805fdc4911370f39d39798b8bcf06da4045dd46fc227bfc165f10
Installing 2/9 vcpkg-cmake:x64-windows@2024-04-23...
Elapsed time to handle vcpkg-cmake:x64-windows: 9.93 ms
vcpkg-cmake:x64-windows package ABI: 8fdb266ce3fdfa21a395223aae54b6cb968eb5c57b8028aca3853560c069a088
Installing 3/9 sdl2:x64-windows@2.30.10...
Elapsed time to handle sdl2:x64-windows: 97.2 ms
sdl2:x64-windows package ABI: fad80b6e48a92439d8f238a0fbd45e1ffdda3030e7f39ce0f1e63518d8f3e2c6
Installing 4/9 zlib:x64-windows@1.3.1...
Elapsed time to handle zlib:x64-windows: 14.1 ms
zlib:x64-windows package ABI: 8941de527d7c097e31cfa0daeb3e726f10d1c26710c038ea6dfd847aadddeef6
Installing 5/9 libpng:x64-windows@1.6.44...
Elapsed time to handle libpng:x64-windows: 30.6 ms
libpng:x64-windows package ABI: 23fd1c21e97b034807e0ef0864a987359b6de0ba7af3f85f687a97384937372c
Installing 6/9 bzip2[core,tool]:x64-windows@1.0.8#6...
Elapsed time to handle bzip2:x64-windows: 24.4 ms
bzip2:x64-windows package ABI: 595bbd150a211ef9e19d6da092ecc93cd9b1c560094400340ae5a97feb702200
Installing 7/9 brotli:x64-windows@1.1.0#1...
Elapsed time to handle brotli:x64-windows: 95.6 ms
brotli:x64-windows package ABI: dac8ab5bead47cbe568b6840eec8b63018d2156ef43002fe07a1a4b3b181b4a4
Installing 8/9 freetype[brotli,bzip2,core,png,zlib]:x64-windows@2.13.3...
Elapsed time to handle freetype:x64-windows: 77.1 ms
freetype:x64-windows package ABI: 08e70508b74e8c6f34daf18255de22a44df7009948a68176bda5c198c6a79d74
Installing 9/9 sdl2-ttf:x64-windows@2.22.0#1...
Elapsed time to handle sdl2-ttf:x64-windows: 15.7 ms
sdl2-ttf:x64-windows package ABI: 146a723dc50d3c00cb3c8b2495f25ee600af917b107250b341487e9b78c2f7fa
Total install time: 374 ms
sdl2 provides CMake targets:

    find_package(SDL2 CONFIG REQUIRED)
    target_link_libraries(main
        PRIVATE
        $<TARGET_NAME_IF_EXISTS:SDL2::SDL2main>
        $<IF:$<TARGET_EXISTS:SDL2::SDL2>,SDL2::SDL2,SDL2::SDL2-static>
    )

sdl2-ttf provides CMake targets:

    find_package(SDL2_ttf CONFIG REQUIRED)
    target_link_libraries(main PRIVATE $<IF:$<TARGET_EXISTS:SDL2_ttf::SDL2_ttf>,SDL2_ttf::SDL2_ttf,SDL2_ttf::SDL2_ttf-static>)

